<?xml version="1.0" encoding="UTF-8"?>
<testsuite name="GenericsPracticeProblemTest" tests="3" skipped="0" failures="0" errors="0" timestamp="2021-03-27T01:00:20" hostname="phoujdar" time="0.018">
  <properties/>
  <testcase name="givenMax_AsFirstElement_ShouldReturnMax()" classname="GenericsPracticeProblemTest" time="0.014"/>
  <testcase name="givenMax_AsThirdElement_ShouldReturnMax()" classname="GenericsPracticeProblemTest" time="0.001"/>
  <testcase name="givenMax_AsSecondElement_ShouldReturnMax()" classname="GenericsPracticeProblemTest" time="0.001"/>
  <system-out><![CDATA[]]></system-out>
  <system-err><![CDATA[]]></system-err>
</testsuite>
